app/build/intermediates/manifest_merge_blame_file/debug/manifest-merger-blame-debug-report.txt
1<?xml version="1.0" encoding="utf-8"?>
2<manifest xmlns:android="http://schemas.android.com/apk/res/android"
3    package="com.iqonic.woobox"
4    android:versionCode="13"
5    android:versionName="5.0.0" >
6
7    <uses-sdk
8        android:minSdkVersion="21"
8-->src\main\AndroidManifest.xml
9        android:targetSdkVersion="28" />
9-->src\main\AndroidManifest.xml
10
11    <uses-permission android:name="android.permission.ACCESS_NETWORK_STATE" />
11-->src\main\AndroidManifest.xml:5:5-79
11-->src\main\AndroidManifest.xml:5:22-76
12    <uses-permission android:name="android.permission.INTERNET" />
12-->src\main\AndroidManifest.xml:6:5-67
12-->src\main\AndroidManifest.xml:6:22-64
13    <uses-permission android:name="android.permission.ACCESS_COARSE_LOCATION" />
13-->src\main\AndroidManifest.xml:7:5-81
13-->src\main\AndroidManifest.xml:7:22-78
14    <uses-permission android:name="android.permission.ACCESS_FINE_LOCATION" />
14-->src\main\AndroidManifest.xml:8:5-79
14-->src\main\AndroidManifest.xml:8:22-76
15    <uses-permission android:name="android.permission.WRITE_EXTERNAL_STORAGE" />
15-->src\main\AndroidManifest.xml:9:5-81
15-->src\main\AndroidManifest.xml:9:22-78
16    <uses-permission android:name="android.permission.READ_EXTERNAL_STORAGE" />
16-->src\main\AndroidManifest.xml:10:5-80
16-->src\main\AndroidManifest.xml:10:22-77
17
18    <!-- Create a unique permission for your app and use it so only your app can receive your OneSignal messages. -->
19    <permission
19-->[com.onesignal:OneSignal:3.11.4] AndroidManifest.xml:7:5-9:47
20        android:name="com.iqonic.woobox.permission.C2D_MESSAGE"
20-->[com.onesignal:OneSignal:3.11.4] AndroidManifest.xml:8:9-63
21        android:protectionLevel="signature" />
21-->[com.onesignal:OneSignal:3.11.4] AndroidManifest.xml:9:9-44
22
23    <uses-permission android:name="com.iqonic.woobox.permission.C2D_MESSAGE" />
23-->[com.onesignal:OneSignal:3.11.4] AndroidManifest.xml:11:5-79
23-->[com.onesignal:OneSignal:3.11.4] AndroidManifest.xml:11:22-76
24    <uses-permission android:name="com.google.android.c2dm.permission.RECEIVE" /> <!-- Required, makes sure notifications are delivered on time. -->
24-->[com.onesignal:OneSignal:3.11.4] AndroidManifest.xml:17:5-82
24-->[com.onesignal:OneSignal:3.11.4] AndroidManifest.xml:17:22-79
25    <uses-permission android:name="android.permission.WAKE_LOCK" />
25-->[com.onesignal:OneSignal:3.11.4] AndroidManifest.xml:18:5-68
25-->[com.onesignal:OneSignal:3.11.4] AndroidManifest.xml:18:22-65
26    <!--
27 Required so the device vibrates on receiving a push notification.
28         Vibration settings of the device still apply.
29    -->
30    <uses-permission android:name="android.permission.VIBRATE" />
30-->[com.onesignal:OneSignal:3.11.4] AndroidManifest.xml:23:5-66
30-->[com.onesignal:OneSignal:3.11.4] AndroidManifest.xml:23:22-63
31    <!--
32 Use to restore notifications the user hasn't interacted with.
33         They could be missed notifications if the user reboots their device if this isn't in place.
34    -->
35    <uses-permission android:name="android.permission.RECEIVE_BOOT_COMPLETED" /> <!-- START: ShortcutBadger -->
35-->[com.onesignal:OneSignal:3.11.4] AndroidManifest.xml:29:5-81
35-->[com.onesignal:OneSignal:3.11.4] AndroidManifest.xml:29:22-78
36    <!-- Samsung -->
37    <uses-permission android:name="com.sec.android.provider.badge.permission.READ" />
37-->[com.onesignal:OneSignal:3.11.4] AndroidManifest.xml:31:5-86
37-->[com.onesignal:OneSignal:3.11.4] AndroidManifest.xml:31:22-83
38    <uses-permission android:name="com.sec.android.provider.badge.permission.WRITE" /> <!-- HTC -->
38-->[com.onesignal:OneSignal:3.11.4] AndroidManifest.xml:32:5-87
38-->[com.onesignal:OneSignal:3.11.4] AndroidManifest.xml:32:22-84
39    <uses-permission android:name="com.htc.launcher.permission.READ_SETTINGS" />
39-->[com.onesignal:OneSignal:3.11.4] AndroidManifest.xml:33:5-81
39-->[com.onesignal:OneSignal:3.11.4] AndroidManifest.xml:33:22-78
40    <uses-permission android:name="com.htc.launcher.permission.UPDATE_SHORTCUT" /> <!-- Sony -->
40-->[com.onesignal:OneSignal:3.11.4] AndroidManifest.xml:34:5-83
40-->[com.onesignal:OneSignal:3.11.4] AndroidManifest.xml:34:22-80
41    <uses-permission android:name="com.sonyericsson.home.permission.BROADCAST_BADGE" />
41-->[com.onesignal:OneSignal:3.11.4] AndroidManifest.xml:35:5-88
41-->[com.onesignal:OneSignal:3.11.4] AndroidManifest.xml:35:22-85
42    <uses-permission android:name="com.sonymobile.home.permission.PROVIDER_INSERT_BADGE" /> <!-- Apex -->
42-->[com.onesignal:OneSignal:3.11.4] AndroidManifest.xml:36:5-92
42-->[com.onesignal:OneSignal:3.11.4] AndroidManifest.xml:36:22-89
43    <uses-permission android:name="com.anddoes.launcher.permission.UPDATE_COUNT" /> <!-- Solid -->
43-->[com.onesignal:OneSignal:3.11.4] AndroidManifest.xml:37:5-84
43-->[com.onesignal:OneSignal:3.11.4] AndroidManifest.xml:37:22-81
44    <uses-permission android:name="com.majeur.launcher.permission.UPDATE_BADGE" /> <!-- Huawei -->
44-->[com.onesignal:OneSignal:3.11.4] AndroidManifest.xml:38:5-83
44-->[com.onesignal:OneSignal:3.11.4] AndroidManifest.xml:38:22-80
45    <uses-permission android:name="com.huawei.android.launcher.permission.CHANGE_BADGE" />
45-->[com.onesignal:OneSignal:3.11.4] AndroidManifest.xml:39:5-91
45-->[com.onesignal:OneSignal:3.11.4] AndroidManifest.xml:39:22-88
46    <uses-permission android:name="com.huawei.android.launcher.permission.READ_SETTINGS" />
46-->[com.onesignal:OneSignal:3.11.4] AndroidManifest.xml:40:5-92
46-->[com.onesignal:OneSignal:3.11.4] AndroidManifest.xml:40:22-89
47    <uses-permission android:name="com.huawei.android.launcher.permission.WRITE_SETTINGS" /> <!-- ZUK -->
47-->[com.onesignal:OneSignal:3.11.4] AndroidManifest.xml:41:5-93
47-->[com.onesignal:OneSignal:3.11.4] AndroidManifest.xml:41:22-90
48    <uses-permission android:name="android.permission.READ_APP_BADGE" /> <!-- OPPO -->
48-->[com.onesignal:OneSignal:3.11.4] AndroidManifest.xml:42:5-73
48-->[com.onesignal:OneSignal:3.11.4] AndroidManifest.xml:42:22-70
49    <uses-permission android:name="com.oppo.launcher.permission.READ_SETTINGS" />
49-->[com.onesignal:OneSignal:3.11.4] AndroidManifest.xml:43:5-82
49-->[com.onesignal:OneSignal:3.11.4] AndroidManifest.xml:43:22-79
50    <uses-permission android:name="com.oppo.launcher.permission.WRITE_SETTINGS" /> <!-- EvMe -->
50-->[com.onesignal:OneSignal:3.11.4] AndroidManifest.xml:44:5-83
50-->[com.onesignal:OneSignal:3.11.4] AndroidManifest.xml:44:22-80
51    <uses-permission android:name="me.everything.badger.permission.BADGE_COUNT_READ" />
51-->[com.onesignal:OneSignal:3.11.4] AndroidManifest.xml:45:5-88
51-->[com.onesignal:OneSignal:3.11.4] AndroidManifest.xml:45:22-85
52    <uses-permission android:name="me.everything.badger.permission.BADGE_COUNT_WRITE" />
52-->[com.onesignal:OneSignal:3.11.4] AndroidManifest.xml:46:5-89
52-->[com.onesignal:OneSignal:3.11.4] AndroidManifest.xml:46:22-86
53    <uses-permission android:name="com.google.android.finsky.permission.BIND_GET_INSTALL_REFERRER_SERVICE" />
53-->[com.google.android.gms:play-services-measurement:17.2.1] AndroidManifest.xml:26:5-110
53-->[com.google.android.gms:play-services-measurement:17.2.1] AndroidManifest.xml:26:22-107
54
55    <application
55-->src\main\AndroidManifest.xml:12:5-170:19
56        android:name="com.iqonic.woobox.WooBoxApp"
56-->src\main\AndroidManifest.xml:13:9-34
57        android:allowBackup="true"
57-->src\main\AndroidManifest.xml:14:9-35
58        android:appComponentFactory="androidx.core.app.CoreComponentFactory"
58-->[androidx.core:core:1.1.0] AndroidManifest.xml:24:18-86
59        android:debuggable="true"
60        android:fullBackupContent="true"
60-->src\main\AndroidManifest.xml:15:9-41
61        android:icon="@mipmap/ic_launcher"
61-->src\main\AndroidManifest.xml:16:9-43
62        android:label="@string/app_name"
62-->src\main\AndroidManifest.xml:17:9-41
63        android:roundIcon="@mipmap/ic_launcher_round"
63-->src\main\AndroidManifest.xml:18:9-54
64        android:supportsRtl="true"
64-->src\main\AndroidManifest.xml:19:9-35
65        android:testOnly="true"
66        android:theme="@style/AppTheme"
66-->src\main\AndroidManifest.xml:20:9-40
67        android:usesCleartextTraffic="true" >
67-->src\main\AndroidManifest.xml:21:9-44
68        <activity
68-->src\main\AndroidManifest.xml:22:9-23:51
69            android:name="com.iqonic.woobox.activity.BlogDetailActivity"
69-->src\main\AndroidManifest.xml:22:19-62
70            android:screenOrientation="portrait" />
70-->src\main\AndroidManifest.xml:23:13-49
71        <activity
71-->src\main\AndroidManifest.xml:24:9-25:51
72            android:name="com.iqonic.woobox.activity.AboutActivity"
72-->src\main\AndroidManifest.xml:24:19-57
73            android:screenOrientation="portrait" />
73-->src\main\AndroidManifest.xml:25:13-49
74
75        <meta-data
75-->src\main\AndroidManifest.xml:26:9-27:54
76            android:name="com.facebook.sdk.ApplicationId"
76-->src\main\AndroidManifest.xml:26:20-65
77            android:value="@string/facebook_app_id" />
77-->src\main\AndroidManifest.xml:27:13-52
78
79        <activity
79-->src\main\AndroidManifest.xml:29:9-32:48
80            android:name="com.facebook.FacebookActivity"
80-->src\main\AndroidManifest.xml:29:19-63
81            android:configChanges="keyboard|keyboardHidden|screenLayout|screenSize|orientation"
81-->src\main\AndroidManifest.xml:30:13-114
82            android:label="@string/app_name"
82-->src\main\AndroidManifest.xml:32:13-45
83            android:theme="@style/com_facebook_activity_theme" />
83-->[com.facebook.android:facebook-common:4.42.0] AndroidManifest.xml:32:13-63
84        <activity
84-->src\main\AndroidManifest.xml:33:9-42:20
85            android:name="com.facebook.CustomTabActivity"
85-->src\main\AndroidManifest.xml:34:13-58
86            android:exported="true" >
86-->src\main\AndroidManifest.xml:35:13-36
87            <intent-filter>
87-->src\main\AndroidManifest.xml:36:13-41:29
88                <action android:name="android.intent.action.VIEW" />
88-->src\main\AndroidManifest.xml:37:17-69
88-->src\main\AndroidManifest.xml:37:25-66
89
90                <category android:name="android.intent.category.DEFAULT" />
90-->src\main\AndroidManifest.xml:38:17-76
90-->src\main\AndroidManifest.xml:38:27-73
91                <category android:name="android.intent.category.BROWSABLE" />
91-->src\main\AndroidManifest.xml:39:17-78
91-->src\main\AndroidManifest.xml:39:27-75
92
93                <data android:scheme="@string/fb_login_protocol_scheme" />
93-->src\main\AndroidManifest.xml:40:17-75
93-->src\main\AndroidManifest.xml:40:23-72
94            </intent-filter>
95        </activity>
96        <!-- Enable only if you are want Admob support -->
97        <meta-data
97-->src\main\AndroidManifest.xml:44:9-46:53
98            android:name="com.google.android.gms.ads.APPLICATION_ID"
98-->src\main\AndroidManifest.xml:45:13-69
99            android:value="@string/ad_mob_app_id" />
99-->src\main\AndroidManifest.xml:46:13-50
100        <meta-data
100-->src\main\AndroidManifest.xml:47:9-49:55
101            android:name="com.razorpay.ApiKey"
101-->src\main\AndroidManifest.xml:48:13-47
102            android:value="rzp_test_Y4mSmdW0LMGQn0" />
102-->src\main\AndroidManifest.xml:49:13-52
103
104        <activity
104-->src\main\AndroidManifest.xml:50:9-51:58
105            android:name="com.theartofdev.edmodo.cropper.CropImageActivity"
105-->src\main\AndroidManifest.xml:50:19-82
106            android:theme="@style/Base.Theme.AppCompat" />
106-->src\main\AndroidManifest.xml:51:13-56
107        <activity
107-->src\main\AndroidManifest.xml:52:9-61:20
108            android:name="com.iqonic.woobox.activity.SplashActivity"
108-->src\main\AndroidManifest.xml:53:13-52
109            android:screenOrientation="portrait" >
109-->src\main\AndroidManifest.xml:54:13-49
110            <intent-filter>
110-->src\main\AndroidManifest.xml:55:13-60:29
111                <action android:name="android.intent.action.MAIN" />
111-->src\main\AndroidManifest.xml:56:17-69
111-->src\main\AndroidManifest.xml:56:25-66
112                <action android:name="android.intent.action.VIEW" />
112-->src\main\AndroidManifest.xml:37:17-69
112-->src\main\AndroidManifest.xml:37:25-66
113
114                <category android:name="android.intent.category.LAUNCHER" />
114-->src\main\AndroidManifest.xml:59:17-77
114-->src\main\AndroidManifest.xml:59:27-74
115            </intent-filter>
116        </activity>
117        <activity
117-->src\main\AndroidManifest.xml:62:9-64:52
118            android:name="com.iqonic.woobox.activity.SubCategoryActivity"
118-->src\main\AndroidManifest.xml:63:13-57
119            android:screenOrientation="portrait" />
119-->src\main\AndroidManifest.xml:64:13-49
120        <activity android:name="com.iqonic.woobox.AppBaseActivity" />
120-->src\main\AndroidManifest.xml:65:9-53
120-->src\main\AndroidManifest.xml:65:19-50
121        <activity
121-->src\main\AndroidManifest.xml:66:9-69:67
122            android:name="com.iqonic.woobox.activity.SignInUpActivity"
122-->src\main\AndroidManifest.xml:67:13-54
123            android:screenOrientation="portrait"
123-->src\main\AndroidManifest.xml:68:13-49
124            android:windowSoftInputMode="stateHidden|adjustPan" />
124-->src\main\AndroidManifest.xml:69:13-64
125        <activity
125-->src\main\AndroidManifest.xml:70:9-72:58
126            android:name="com.iqonic.woobox.activity.OTPActivity"
126-->src\main\AndroidManifest.xml:71:13-49
127            android:windowSoftInputMode="stateVisible" />
127-->src\main\AndroidManifest.xml:72:13-55
128        <activity
128-->src\main\AndroidManifest.xml:73:9-75:52
129            android:name="com.iqonic.woobox.activity.WalkThroughActivity"
129-->src\main\AndroidManifest.xml:74:13-57
130            android:screenOrientation="portrait" />
130-->src\main\AndroidManifest.xml:75:13-49
131        <activity
131-->src\main\AndroidManifest.xml:76:9-79:55
132            android:name="com.iqonic.woobox.activity.DashBoardActivity"
132-->src\main\AndroidManifest.xml:77:13-55
133            android:screenOrientation="portrait"
133-->src\main\AndroidManifest.xml:78:13-49
134            android:windowSoftInputMode="adjustPan" />
134-->src\main\AndroidManifest.xml:79:13-52
135        <activity
135-->src\main\AndroidManifest.xml:80:9-82:52
136            android:name="com.iqonic.woobox.activity.OrderDescriptionActivity"
136-->src\main\AndroidManifest.xml:81:13-62
137            android:screenOrientation="portrait" />
137-->src\main\AndroidManifest.xml:82:13-49
138        <activity
138-->src\main\AndroidManifest.xml:83:9-85:52
139            android:name="com.iqonic.woobox.activity.OrderActivity"
139-->src\main\AndroidManifest.xml:84:13-51
140            android:screenOrientation="portrait" />
140-->src\main\AndroidManifest.xml:85:13-49
141        <activity
141-->src\main\AndroidManifest.xml:86:9-89:51
142            android:name="com.iqonic.woobox.activity.ProductDetailActivity"
142-->src\main\AndroidManifest.xml:87:13-59
143            android:screenOrientation="portrait"
143-->src\main\AndroidManifest.xml:89:13-49
144            android:theme="@style/CollapsingTheme" />
144-->src\main\AndroidManifest.xml:88:13-51
145        <activity
145-->src\main\AndroidManifest.xml:90:9-92:52
146            android:name="com.iqonic.woobox.activity.BlogActivity"
146-->src\main\AndroidManifest.xml:91:13-50
147            android:screenOrientation="portrait" />
147-->src\main\AndroidManifest.xml:92:13-49
148        <activity
148-->src\main\AndroidManifest.xml:93:9-95:52
149            android:name="com.iqonic.woobox.activity.AddAddressActivity"
149-->src\main\AndroidManifest.xml:94:13-56
150            android:screenOrientation="portrait" />
150-->src\main\AndroidManifest.xml:95:13-49
151        <activity
151-->src\main\AndroidManifest.xml:96:9-98:52
152            android:name="com.iqonic.woobox.activity.OrderSummaryActivity"
152-->src\main\AndroidManifest.xml:97:13-58
153            android:screenOrientation="portrait" />
153-->src\main\AndroidManifest.xml:98:13-49
154        <activity
154-->src\main\AndroidManifest.xml:99:9-101:52
155            android:name="com.iqonic.woobox.activity.TrackItemActivity"
155-->src\main\AndroidManifest.xml:100:13-55
156            android:screenOrientation="portrait" />
156-->src\main\AndroidManifest.xml:101:13-49
157        <activity
157-->src\main\AndroidManifest.xml:102:9-104:52
158            android:name="com.iqonic.woobox.activity.PaymentActivity"
158-->src\main\AndroidManifest.xml:103:13-53
159            android:screenOrientation="portrait" />
159-->src\main\AndroidManifest.xml:104:13-49
160        <activity
160-->src\main\AndroidManifest.xml:105:9-108:57
161            android:name="com.iqonic.woobox.activity.AccountActivity"
161-->src\main\AndroidManifest.xml:106:13-53
162            android:screenOrientation="portrait"
162-->src\main\AndroidManifest.xml:107:13-49
163            android:windowSoftInputMode="stateHidden" />
163-->src\main\AndroidManifest.xml:108:13-54
164        <activity
164-->src\main\AndroidManifest.xml:109:9-111:52
165            android:name="com.iqonic.woobox.activity.MyCartActivity"
165-->src\main\AndroidManifest.xml:110:13-52
166            android:screenOrientation="portrait" />
166-->src\main\AndroidManifest.xml:111:13-49
167        <activity
167-->src\main\AndroidManifest.xml:112:9-114:52
168            android:name="com.iqonic.woobox.activity.SearchActivity"
168-->src\main\AndroidManifest.xml:113:13-52
169            android:screenOrientation="portrait" />
169-->src\main\AndroidManifest.xml:114:13-49
170        <activity
170-->src\main\AndroidManifest.xml:115:9-117:52
171            android:name="com.iqonic.woobox.activity.ViewAllProductActivity"
171-->src\main\AndroidManifest.xml:116:13-60
172            android:screenOrientation="portrait" />
172-->src\main\AndroidManifest.xml:117:13-49
173        <activity
173-->src\main\AndroidManifest.xml:118:9-120:52
174            android:name="com.iqonic.woobox.activity.RewardActivity"
174-->src\main\AndroidManifest.xml:119:13-52
175            android:screenOrientation="portrait" />
175-->src\main\AndroidManifest.xml:120:13-49
176        <activity
176-->src\main\AndroidManifest.xml:121:9-123:52
177            android:name="com.iqonic.woobox.activity.AddressManagerActivity"
177-->src\main\AndroidManifest.xml:122:13-60
178            android:screenOrientation="portrait" />
178-->src\main\AndroidManifest.xml:123:13-49
179        <activity
179-->src\main\AndroidManifest.xml:124:9-127:57
180            android:name="com.iqonic.woobox.activity.EditProfileActivity"
180-->src\main\AndroidManifest.xml:125:13-57
181            android:screenOrientation="portrait"
181-->src\main\AndroidManifest.xml:126:13-49
182            android:windowSoftInputMode="stateHidden" />
182-->src\main\AndroidManifest.xml:127:13-54
183        <activity
183-->src\main\AndroidManifest.xml:128:9-130:52
184            android:name="com.iqonic.woobox.activity.EmailActivity"
184-->src\main\AndroidManifest.xml:129:13-51
185            android:screenOrientation="portrait" />
185-->src\main\AndroidManifest.xml:130:13-49
186        <activity
186-->src\main\AndroidManifest.xml:131:9-133:52
187            android:name="com.iqonic.woobox.activity.ContactUsActivity"
187-->src\main\AndroidManifest.xml:132:13-55
188            android:screenOrientation="portrait" />
188-->src\main\AndroidManifest.xml:133:13-49
189        <activity
189-->src\main\AndroidManifest.xml:134:9-136:52
190            android:name="com.iqonic.woobox.activity.FAQActivity"
190-->src\main\AndroidManifest.xml:135:13-49
191            android:screenOrientation="portrait" />
191-->src\main\AndroidManifest.xml:136:13-49
192        <activity
192-->src\main\AndroidManifest.xml:137:9-139:52
193            android:name="com.iqonic.woobox.activity.SettingActivity"
193-->src\main\AndroidManifest.xml:138:13-53
194            android:screenOrientation="portrait" />
194-->src\main\AndroidManifest.xml:139:13-49
195        <activity
195-->src\main\AndroidManifest.xml:140:9-142:52
196            android:name="com.iqonic.woobox.activity.CardActivity"
196-->src\main\AndroidManifest.xml:141:13-50
197            android:screenOrientation="portrait" />
197-->src\main\AndroidManifest.xml:142:13-49
198        <activity
198-->src\main\AndroidManifest.xml:143:9-145:52
199            android:name="com.iqonic.woobox.activity.HelpActivity"
199-->src\main\AndroidManifest.xml:144:13-50
200            android:screenOrientation="portrait" />
200-->src\main\AndroidManifest.xml:145:13-49
201        <activity
201-->src\main\AndroidManifest.xml:146:9-148:52
202            android:name="com.iqonic.woobox.activity.OfferActivity"
202-->src\main\AndroidManifest.xml:147:13-51
203            android:screenOrientation="portrait" />
203-->src\main\AndroidManifest.xml:148:13-49
204        <activity
204-->src\main\AndroidManifest.xml:149:9-150:51
205            android:name="com.iqonic.woobox.activity.ReviewsActivity"
205-->src\main\AndroidManifest.xml:149:19-59
206            android:screenOrientation="portrait" />
206-->src\main\AndroidManifest.xml:150:13-49
207
208        <meta-data
208-->src\main\AndroidManifest.xml:152:9-154:60
209            android:name="firebase_crash_collection_enabled"
209-->src\main\AndroidManifest.xml:153:13-61
210            android:value="@bool/FIREBASE_CRASH_ENABLED" />
210-->src\main\AndroidManifest.xml:154:13-57
211
212        <provider
213            android:name="androidx.core.content.FileProvider"
213-->src\main\AndroidManifest.xml:157:13-62
214            android:authorities="com.iqonic.woobox.provider"
214-->src\main\AndroidManifest.xml:158:13-60
215            android:exported="false"
215-->src\main\AndroidManifest.xml:159:13-37
216            android:grantUriPermissions="true" >
216-->src\main\AndroidManifest.xml:160:13-47
217            <meta-data
217-->src\main\AndroidManifest.xml:161:13-163:48
218                android:name="android.support.FILE_PROVIDER_PATHS"
218-->src\main\AndroidManifest.xml:162:17-67
219                android:resource="@xml/path" />
219-->src\main\AndroidManifest.xml:163:17-45
220        </provider>
221
222        <!-- Enable only if you are want Onesignal support -->
223        <meta-data
223-->src\main\AndroidManifest.xml:167:9-169:39
224            android:name="com.onesignal.NotificationOpened.DEFAULT"
224-->src\main\AndroidManifest.xml:168:13-68
225            android:value="DISABLE" />
225-->src\main\AndroidManifest.xml:169:13-36
226
227        <activity android:name="com.facebook.CustomTabMainActivity" />
227-->[com.facebook.android:facebook-common:4.42.0] AndroidManifest.xml:33:9-71
227-->[com.facebook.android:facebook-common:4.42.0] AndroidManifest.xml:33:19-68
228
229        <meta-data
229-->[com.onesignal:OneSignal:3.11.4] AndroidManifest.xml:49:9-51:51
230            android:name="onesignal_app_id"
230-->[com.onesignal:OneSignal:3.11.4] AndroidManifest.xml:50:13-44
231            android:value="2b3eace3-4c4f-4a11-834a-b32d620cc374" /> <!-- Deprecated - Pulled from OneSignal dashboard. -->
231-->[com.onesignal:OneSignal:3.11.4] AndroidManifest.xml:51:13-48
232        <meta-data
232-->[com.onesignal:OneSignal:3.11.4] AndroidManifest.xml:53:9-55:70
233            android:name="onesignal_google_project_number"
233-->[com.onesignal:OneSignal:3.11.4] AndroidManifest.xml:54:13-59
234            android:value="str:REMOTE" />
234-->[com.onesignal:OneSignal:3.11.4] AndroidManifest.xml:55:13-67
235
236        <receiver
236-->[com.onesignal:OneSignal:3.11.4] AndroidManifest.xml:57:9-67:20
237            android:name="com.onesignal.GcmBroadcastReceiver"
237-->[com.onesignal:OneSignal:3.11.4] AndroidManifest.xml:58:13-62
238            android:permission="com.google.android.c2dm.permission.SEND" >
238-->[com.onesignal:OneSignal:3.11.4] AndroidManifest.xml:59:13-73
239
240            <!-- High priority so OneSignal payloads can be filtered from other GCM receivers if filterOtherGCMReceivers is enabled. -->
241            <intent-filter android:priority="999" >
241-->[com.onesignal:OneSignal:3.11.4] AndroidManifest.xml:62:13-66:29
241-->[com.onesignal:OneSignal:3.11.4] AndroidManifest.xml:62:28-50
242                <action android:name="com.google.android.c2dm.intent.RECEIVE" />
242-->[com.onesignal:OneSignal:3.11.4] AndroidManifest.xml:63:17-81
242-->[com.onesignal:OneSignal:3.11.4] AndroidManifest.xml:63:25-78
243
244                <category android:name="com.iqonic.woobox" />
244-->[com.onesignal:OneSignal:3.11.4] AndroidManifest.xml:65:17-61
244-->[com.onesignal:OneSignal:3.11.4] AndroidManifest.xml:65:27-58
245            </intent-filter>
246        </receiver>
247        <receiver android:name="com.onesignal.NotificationOpenedReceiver" />
247-->[com.onesignal:OneSignal:3.11.4] AndroidManifest.xml:68:9-77
247-->[com.onesignal:OneSignal:3.11.4] AndroidManifest.xml:68:19-74
248
249        <service android:name="com.onesignal.GcmIntentService" />
249-->[com.onesignal:OneSignal:3.11.4] AndroidManifest.xml:70:9-66
249-->[com.onesignal:OneSignal:3.11.4] AndroidManifest.xml:70:18-63
250        <service
250-->[com.onesignal:OneSignal:3.11.4] AndroidManifest.xml:71:9-73:72
251            android:name="com.onesignal.GcmIntentJobService"
251-->[com.onesignal:OneSignal:3.11.4] AndroidManifest.xml:72:13-61
252            android:permission="android.permission.BIND_JOB_SERVICE" />
252-->[com.onesignal:OneSignal:3.11.4] AndroidManifest.xml:73:13-69
253        <service
253-->[com.onesignal:OneSignal:3.11.4] AndroidManifest.xml:74:9-76:72
254            android:name="com.onesignal.RestoreJobService"
254-->[com.onesignal:OneSignal:3.11.4] AndroidManifest.xml:75:13-59
255            android:permission="android.permission.BIND_JOB_SERVICE" />
255-->[com.onesignal:OneSignal:3.11.4] AndroidManifest.xml:76:13-69
256        <service
256-->[com.onesignal:OneSignal:3.11.4] AndroidManifest.xml:77:9-79:72
257            android:name="com.onesignal.RestoreKickoffJobService"
257-->[com.onesignal:OneSignal:3.11.4] AndroidManifest.xml:78:13-66
258            android:permission="android.permission.BIND_JOB_SERVICE" />
258-->[com.onesignal:OneSignal:3.11.4] AndroidManifest.xml:79:13-69
259        <service
259-->[com.onesignal:OneSignal:3.11.4] AndroidManifest.xml:80:9-82:43
260            android:name="com.onesignal.SyncService"
260-->[com.onesignal:OneSignal:3.11.4] AndroidManifest.xml:81:13-53
261            android:stopWithTask="true" />
261-->[com.onesignal:OneSignal:3.11.4] AndroidManifest.xml:82:13-40
262        <service
262-->[com.onesignal:OneSignal:3.11.4] AndroidManifest.xml:83:9-85:72
263            android:name="com.onesignal.SyncJobService"
263-->[com.onesignal:OneSignal:3.11.4] AndroidManifest.xml:84:13-56
264            android:permission="android.permission.BIND_JOB_SERVICE" />
264-->[com.onesignal:OneSignal:3.11.4] AndroidManifest.xml:85:13-69
265
266        <activity
266-->[com.onesignal:OneSignal:3.11.4] AndroidManifest.xml:87:9-89:75
267            android:name="com.onesignal.PermissionsActivity"
267-->[com.onesignal:OneSignal:3.11.4] AndroidManifest.xml:88:13-61
268            android:theme="@android:style/Theme.Translucent.NoTitleBar" />
268-->[com.onesignal:OneSignal:3.11.4] AndroidManifest.xml:89:13-72
269
270        <service android:name="com.onesignal.NotificationRestoreService" />
270-->[com.onesignal:OneSignal:3.11.4] AndroidManifest.xml:91:9-76
270-->[com.onesignal:OneSignal:3.11.4] AndroidManifest.xml:91:18-73
271
272        <receiver android:name="com.onesignal.BootUpReceiver" >
272-->[com.onesignal:OneSignal:3.11.4] AndroidManifest.xml:93:9-98:20
272-->[com.onesignal:OneSignal:3.11.4] AndroidManifest.xml:93:19-62
273            <intent-filter>
273-->[com.onesignal:OneSignal:3.11.4] AndroidManifest.xml:94:13-97:29
274                <action android:name="android.intent.action.BOOT_COMPLETED" />
274-->[com.onesignal:OneSignal:3.11.4] AndroidManifest.xml:95:17-79
274-->[com.onesignal:OneSignal:3.11.4] AndroidManifest.xml:95:25-76
275                <action android:name="android.intent.action.QUICKBOOT_POWERON" />
275-->[com.onesignal:OneSignal:3.11.4] AndroidManifest.xml:96:17-82
275-->[com.onesignal:OneSignal:3.11.4] AndroidManifest.xml:96:25-79
276            </intent-filter>
277        </receiver>
278        <receiver android:name="com.onesignal.UpgradeReceiver" >
278-->[com.onesignal:OneSignal:3.11.4] AndroidManifest.xml:99:9-103:20
278-->[com.onesignal:OneSignal:3.11.4] AndroidManifest.xml:99:19-63
279            <intent-filter>
279-->[com.onesignal:OneSignal:3.11.4] AndroidManifest.xml:100:13-102:29
280                <action android:name="android.intent.action.MY_PACKAGE_REPLACED" />
280-->[com.onesignal:OneSignal:3.11.4] AndroidManifest.xml:101:17-84
280-->[com.onesignal:OneSignal:3.11.4] AndroidManifest.xml:101:25-81
281            </intent-filter>
282        </receiver>
283
284        <activity
284-->[com.google.firebase:firebase-auth:19.2.0] AndroidManifest.xml:24:9-31:50
285            android:name="com.google.firebase.auth.internal.FederatedSignInActivity"
285-->[com.google.firebase:firebase-auth:19.2.0] AndroidManifest.xml:25:13-85
286            android:excludeFromRecents="true"
286-->[com.google.firebase:firebase-auth:19.2.0] AndroidManifest.xml:26:13-46
287            android:exported="true"
287-->[com.google.firebase:firebase-auth:19.2.0] AndroidManifest.xml:27:13-36
288            android:launchMode="singleTask"
288-->[com.google.firebase:firebase-auth:19.2.0] AndroidManifest.xml:28:13-44
289            android:permission="com.google.firebase.auth.api.gms.permission.LAUNCH_FEDERATED_SIGN_IN"
289-->[com.google.firebase:firebase-auth:19.2.0] AndroidManifest.xml:29:13-102
290            android:theme="@android:style/Theme.Translucent.NoTitleBar" />
290-->[com.google.firebase:firebase-auth:19.2.0] AndroidManifest.xml:30:13-72
291
292        <service